# JRE version: OpenJDK Runtime Environment Zulu16.30+15-CA (16.0.1+9) (build 16.0.1+9)
# Java VM: OpenJDK 64-Bit Server VM Zulu16.30+15-CA (16.0.1+9, mixed mode, sharing, tiered, compressed oops, compressed class ptrs, g1 gc, windows-amd64)
GC Precious Log:
 CPUs: 8 total, 8 available
 Memory: 8058M
 Large Page Support: Disabled
 NUMA Support: Disabled
 Compressed Oops: Enabled (Zero based)
 Heap Region Size: 2M
 Heap Min Capacity: 200M
 Heap Initial Capacity: 200M
 Heap Max Capacity: 3G
 Pre-touch: Disabled
 Parallel Workers: 8
 Concurrent Workers: 2
 Concurrent Refinement Workers: 8
 Periodic GC: Disabled
Heap:
 garbage-first heap   total 780288K, used 409600K [0x0000000740000000, 0x0000000800000000)
  region size 2048K, 12 young (24576K), 12 survivors (24576K)
 Metaspace       used 1672K, committed 1856K, reserved 1056768K
  class space    used 117K, committed 192K, reserved 1048576K
GC Heap History (20 events):
Event: 0.649 GC heap after
{Heap after GC invocations=3 (full 0):
 garbage-first heap   total 204800K, used 22528K [0x0000000740000000, 0x0000000800000000)
  region size 2048K, 1 young (2048K), 1 survivors (2048K)
 Metaspace       used 865K, committed 960K, reserved 1056768K
  class space    used 59K, committed 128K, reserved 1048576K
}
Event: 0.818 GC heap before
{Heap before GC invocations=3 (full 0):
 garbage-first heap   total 204800K, used 57344K [0x0000000740000000, 0x0000000800000000)
  region size 2048K, 18 young (36864K), 1 survivors (2048K)
 Metaspace       used 914K, committed 1088K, reserved 1056768K
  class space    used 60K, committed 128K, reserved 1048576K
}
Event: 0.848 GC heap after
{Heap after GC invocations=4 (full 0):
 garbage-first heap   total 204800K, used 37590K [0x0000000740000000, 0x0000000800000000)
  region size 2048K, 3 young (6144K), 3 survivors (6144K)
 Metaspace       used 914K, committed 1088K, reserved 1056768K
  class space    used 60K, committed 128K, reserved 1048576K
}
Event: 1.277 GC heap before
{Heap before GC invocations=4 (full 0):
 garbage-first heap   total 204800K, used 66262K [0x0000000740000000, 0x0000000800000000)
  region size 2048K, 17 young (34816K), 3 survivors (6144K)
 Metaspace       used 1629K, committed 1792K, reserved 1056768K
  class space    used 117K, committed 192K, reserved 1048576K
}
Event: 1.304 GC heap after
{Heap after GC invocations=5 (full 0):
 garbage-first heap   total 473088K, used 49000K [0x0000000740000000, 0x0000000800000000)
  region size 2048K, 3 young (6144K), 3 survivors (6144K)
 Metaspace       used 1629K, committed 1792K, reserved 1056768K
  class space    used 117K, committed 192K, reserved 1048576K
}
Event: 1.740 GC heap before
{Heap before GC invocations=5 (full 0):
 garbage-first heap   total 473088K, used 102248K [0x0000000740000000, 0x0000000800000000)
  region size 2048K, 29 young (59392K), 3 survivors (6144K)
 Metaspace       used 1633K, committed 1792K, reserved 1056768K
  class space    used 117K, committed 192K, reserved 1048576K
}
Event: 1.767 GC heap after
{Heap after GC invocations=6 (full 0):
 garbage-first heap   total 473088K, used 69554K [0x0000000740000000, 0x0000000800000000)
  region size 2048K, 4 young (8192K), 4 survivors (8192K)
 Metaspace       used 1633K, committed 1792K, reserved 1056768K
  class space    used 117K, committed 192K, reserved 1048576K
}
Event: 2.278 GC heap before
{Heap before GC invocations=6 (full 0):
 garbage-first heap   total 473088K, used 141234K [0x0000000740000000, 0x0000000800000000)
  region size 2048K, 39 young (79872K), 4 survivors (8192K)
 Metaspace       used 1652K, committed 1792K, reserved 1056768K
  class space    used 117K, committed 192K, reserved 1048576K
}
Event: 2.336 GC heap after
{Heap after GC invocations=7 (full 0):
 garbage-first heap   total 473088K, used 104824K [0x0000000740000000, 0x0000000800000000)
  region size 2048K, 5 young (10240K), 5 survivors (10240K)
 Metaspace       used 1652K, committed 1792K, reserved 1056768K
  class space    used 117K, committed 192K, reserved 1048576K
}
Event: 2.900 GC heap before
{Heap before GC invocations=7 (full 0):
 garbage-first heap   total 473088K, used 190840K [0x0000000740000000, 0x0000000800000000)
  region size 2048K, 46 young (94208K), 5 survivors (10240K)
 Metaspace       used 1662K, committed 1856K, reserved 1056768K
  class space    used 117K, committed 192K, reserved 1048576K
}
Event: 2.944 GC heap after
{Heap after GC invocations=8 (full 0):
 garbage-first heap   total 473088K, used 141312K [0x0000000740000000, 0x0000000800000000)
  region size 2048K, 6 young (12288K), 6 survivors (12288K)
 Metaspace       used 1662K, committed 1856K, reserved 1056768K
  class space    used 117K, committed 192K, reserved 1048576K
}
Event: 3.528 GC heap before
{Heap before GC invocations=8 (full 0):
 garbage-first heap   total 473088K, used 243712K [0x0000000740000000, 0x0000000800000000)
  region size 2048K, 56 young (114688K), 6 survivors (12288K)
 Metaspace       used 1665K, committed 1856K, reserved 1056768K
  class space    used 117K, committed 192K, reserved 1048576K
}
Event: 3.585 GC heap after
{Heap after GC invocations=9 (full 0):
 garbage-first heap   total 780288K, used 184320K [0x0000000740000000, 0x0000000800000000)
  region size 2048K, 7 young (14336K), 7 survivors (14336K)
 Metaspace       used 1665K, committed 1856K, reserved 1056768K
  class space    used 117K, committed 192K, reserved 1048576K
}
Event: 4.358 GC heap before
{Heap before GC invocations=9 (full 0):
 garbage-first heap   total 780288K, used 301056K [0x0000000740000000, 0x0000000800000000)
  region size 2048K, 64 young (131072K), 7 survivors (14336K)
 Metaspace       used 1665K, committed 1856K, reserved 1056768K
  class space    used 117K, committed 192K, reserved 1048576K
}
Event: 4.413 GC heap after
{Heap after GC invocations=10 (full 0):
 garbage-first heap   total 780288K, used 235258K [0x0000000740000000, 0x0000000800000000)
  region size 2048K, 8 young (16384K), 8 survivors (16384K)
 Metaspace       used 1665K, committed 1856K, reserved 1056768K
  class space    used 117K, committed 192K, reserved 1048576K
}
Event: 5.249 GC heap before
{Heap before GC invocations=10 (full 0):
 garbage-first heap   total 780288K, used 380666K [0x0000000740000000, 0x0000000800000000)
  region size 2048K, 79 young (161792K), 8 survivors (16384K)
 Metaspace       used 1666K, committed 1856K, reserved 1056768K
  class space    used 117K, committed 192K, reserved 1048576K
}
Event: 5.334 GC heap after
{Heap after GC invocations=11 (full 0):
 garbage-first heap   total 780288K, used 293888K [0x0000000740000000, 0x0000000800000000)
  region size 2048K, 10 young (20480K), 10 survivors (20480K)
 Metaspace       used 1666K, committed 1856K, reserved 1056768K
  class space    used 117K, committed 192K, reserved 1048576K
}
Event: 6.265 GC heap before
{Heap before GC invocations=11 (full 0):
 garbage-first heap   total 780288K, used 457728K [0x0000000740000000, 0x0000000800000000)
  region size 2048K, 89 young (182272K), 10 survivors (20480K)
 Metaspace       used 1672K, committed 1856K, reserved 1056768K
  class space    used 117K, committed 192K, reserved 1048576K
}
Event: 6.346 GC heap after
{Heap after GC invocations=12 (full 0):
 garbage-first heap   total 780288K, used 356352K [0x0000000740000000, 0x0000000800000000)
  region size 2048K, 12 young (24576K), 12 survivors (24576K)
 Metaspace       used 1672K, committed 1856K, reserved 1056768K
  class space    used 117K, committed 192K, reserved 1048576K
}
Event: 7.183 GC heap before
{Heap before GC invocations=12 (full 0):
 garbage-first heap   total 780288K, used 516096K [0x0000000740000000, 0x0000000800000000)
  region size 2048K, 90 young (184320K), 12 survivors (24576K)
 Metaspace       used 1672K, committed 1856K, reserved 1056768K
  class space    used 117K, committed 192K, reserved 1048576K
}

